0 info it worked if it ends with ok
1 verbose cli [ '/home/luis/.nvm/versions/node/v6.0.0/bin/node',
1 verbose cli   '/home/luis/.nvm/versions/node/v6.0.0/bin/npm',
1 verbose cli   'run',
1 verbose cli   'dev' ]
2 info using npm@3.8.6
3 info using node@v6.0.0
4 verbose run-script [ 'predev', 'dev', 'postdev' ]
5 info lifecycle gestao-de-fretes@1.0.0~predev: gestao-de-fretes@1.0.0
6 silly lifecycle gestao-de-fretes@1.0.0~predev: no script for predev, continuing
7 info lifecycle gestao-de-fretes@1.0.0~dev: gestao-de-fretes@1.0.0
8 verbose lifecycle gestao-de-fretes@1.0.0~dev: unsafe-perm in lifecycle true
9 verbose lifecycle gestao-de-fretes@1.0.0~dev: PATH: /home/luis/.nvm/versions/node/v6.0.0/lib/node_modules/npm/bin/node-gyp-bin:/home/luis/Área de Trabalho/gestao-de-fretes-master/frontend/node_modules/.bin:/home/luis/.nvm/versions/node/v6.0.0/bin:/home/luis/.nvm/versions/node/v6.0.0/bin:/home/luis/bin:/home/luis/.local/bin:/usr/local/sbin:/usr/local/bin:/usr/sbin:/usr/bin:/sbin:/bin:/usr/games:/usr/local/games
10 verbose lifecycle gestao-de-fretes@1.0.0~dev: CWD: /home/luis/Área de Trabalho/gestao-de-fretes-master/frontend
11 silly lifecycle gestao-de-fretes@1.0.0~dev: Args: [ '-c',
11 silly lifecycle   'webpack-dev-server --progress --colors --inline --hot ' ]
12 silly lifecycle gestao-de-fretes@1.0.0~dev: Returned: code: 1  signal: null
13 info lifecycle gestao-de-fretes@1.0.0~dev: Failed to exec dev script
14 verbose stack Error: gestao-de-fretes@1.0.0 dev: `webpack-dev-server --progress --colors --inline --hot `
14 verbose stack Exit status 1
14 verbose stack     at EventEmitter.<anonymous> (/home/luis/.nvm/versions/node/v6.0.0/lib/node_modules/npm/lib/utils/lifecycle.js:239:16)
14 verbose stack     at emitTwo (events.js:106:13)
14 verbose stack     at EventEmitter.emit (events.js:191:7)
14 verbose stack     at ChildProcess.<anonymous> (/home/luis/.nvm/versions/node/v6.0.0/lib/node_modules/npm/lib/utils/spawn.js:24:14)
14 verbose stack     at emitTwo (events.js:106:13)
14 verbose stack     at ChildProcess.emit (events.js:191:7)
14 verbose stack     at maybeClose (internal/child_process.js:850:16)
14 verbose stack     at Process.ChildProcess._handle.onexit (internal/child_process.js:215:5)
15 verbose pkgid gestao-de-fretes@1.0.0
16 verbose cwd /home/luis/Área de Trabalho/gestao-de-fretes-master/frontend
17 error Linux 4.4.0-53-generic
18 error argv "/home/luis/.nvm/versions/node/v6.0.0/bin/node" "/home/luis/.nvm/versions/node/v6.0.0/bin/npm" "run" "dev"
19 error node v6.0.0
20 error npm  v3.8.6
21 error code ELIFECYCLE
22 error gestao-de-fretes@1.0.0 dev: `webpack-dev-server --progress --colors --inline --hot `
22 error Exit status 1
23 error Failed at the gestao-de-fretes@1.0.0 dev script 'webpack-dev-server --progress --colors --inline --hot '.
23 error Make sure you have the latest version of node.js and npm installed.
23 error If you do, this is most likely a problem with the gestao-de-fretes package,
23 error not with npm itself.
23 error Tell the author that this fails on your system:
23 error     webpack-dev-server --progress --colors --inline --hot
23 error You can get information on how to open an issue for this project with:
23 error     npm bugs gestao-de-fretes
23 error Or if that isn't available, you can get their info via:
23 error     npm owner ls gestao-de-fretes
23 error There is likely additional logging output above.
24 verbose exit [ 1, true ]
